<?xml version="1.0" encoding="UTF-8"?>
<!-- Generated by org.testng.reporters.JUnitReportReporter -->
<testsuite hostname="LAPTOP-D1JRC1ED" failures="0" tests="1" name="TestNG.HardAsert" time="0.013" errors="0" timestamp="2023-09-20T12:59:24 IST" skipped="0">
  <testcase classname="TestNG.HardAsert" name="hardAssertTest5" time="0.013"/>
  <system-out/>
</testsuite> <!-- TestNG.HardAsert -->
