<?xml version="1.0" encoding="UTF-8"?>
<!-- Generated by org.testng.reporters.JUnitReportReporter -->
<testsuite hostname="LAPTOP-D1JRC1ED" failures="0" tests="2" name="TestNG.Simple1Test" time="15.226" errors="0" timestamp="2023-09-27T09:36:19 IST" skipped="0">
  <testcase classname="TestNG.Simple1Test" name="Simple1Test" time="7.958"/>
  <system-out/>
  <testcase classname="TestNG.Simple1Test" name="Simple1Test" time="7.268"/>
  <system-out/>
</testsuite> <!-- TestNG.Simple1Test -->
