<?xml version="1.0" encoding="UTF-8"?>
<!-- Generated by org.testng.reporters.JUnitReportReporter -->
<testsuite hostname="LAPTOP-D1JRC1ED" failures="0" tests="4" name="TestNG.AnnotationTest" time="0.061" errors="0" timestamp="2023-09-15T16:15:19 IST" skipped="0">
  <testcase classname="TestNG.AnnotationTest" name="test" time="0.014"/>
  <system-out/>
  <testcase classname="TestNG.AnnotationTest" name="test2" time="0.011"/>
  <system-out/>
  <testcase classname="TestNG.AnnotationTest" name="test4" time="0.015"/>
  <system-out/>
  <testcase classname="TestNG.AnnotationTest" name="confT" time="0.021"/>
  <system-out/>
</testsuite> <!-- TestNG.AnnotationTest -->
