<?xml version="1.0" encoding="UTF-8"?>
<!-- Generated by org.testng.reporters.JUnitReportReporter -->
<testsuite hostname="LAPTOP-D1JRC1ED" failures="0" tests="1" name="com.practice.TestChrome" time="14.473" errors="0" timestamp="2023-09-01T09:19:55 IST" skipped="0">
  <testcase classname="com.practice.TestChrome" name="main" time="14.473"/>
  <system-out/>
</testsuite> <!-- com.practice.TestChrome -->
