<?xml version="1.0" encoding="UTF-8"?>
<!-- Generated by org.testng.reporters.JUnitReportReporter -->
<testsuite hostname="LAPTOP-D1JRC1ED" failures="0" tests="2" name="TestNG.DataProviderTest" time="0.009" errors="0" timestamp="2023-09-19T12:17:36 IST" skipped="0">
  <testcase classname="TestNG.DataProviderTest" name="getData" time="0.001"/>
  <system-out/>
  <testcase classname="TestNG.DataProviderTest" name="getData" time="0.008"/>
  <system-out/>
</testsuite> <!-- TestNG.DataProviderTest -->
