<?xml version="1.0" encoding="UTF-8"?>
<!-- Generated by org.testng.reporters.JUnitReportReporter -->
<testsuite hostname="LAPTOP-D1JRC1ED" failures="0" tests="1" name="com.practice.ReadDataFromCmdTest" time="16.092" errors="0" timestamp="2023-09-06T15:16:48 IST" skipped="0">
  <testcase classname="com.practice.ReadDataFromCmdTest" name="cmdTest" time="16.092"/>
  <system-out/>
</testsuite> <!-- com.practice.ReadDataFromCmdTest -->
