<?xml version="1.0" encoding="UTF-8"?>
<!-- Generated by org.testng.reporters.JUnitReportReporter -->
<testsuite hostname="LAPTOP-D1JRC1ED" failures="0" tests="2" name="TestNG.TestClass1" time="0.016" errors="0" timestamp="2023-09-19T10:05:27 IST" skipped="0">
  <testcase classname="TestNG.TestClass1" name="confT" time="0.012"/>
  <system-out/>
  <testcase classname="TestNG.TestClass1" name="test" time="0.004"/>
  <system-out/>
</testsuite> <!-- TestNG.TestClass1 -->
