<?xml version="1.0" encoding="UTF-8"?>
<!-- Generated by org.testng.reporters.JUnitReportReporter -->
<testsuite hostname="LAPTOP-D1JRC1ED" failures="0" tests="1" name="TestNG.Data" time="53.801" errors="0" timestamp="2023-09-20T09:55:31 IST" skipped="0">
  <testcase classname="TestNG.Data" name="store" time="53.801"/>
  <system-out/>
</testsuite> <!-- TestNG.Data -->
