<?xml version="1.0" encoding="UTF-8"?>
<!-- Generated by org.testng.reporters.JUnitReportReporter -->
<testsuite hostname="LAPTOP-D1JRC1ED" failures="0" tests="1" name="TestNG.SoftAssert" time="11.877" errors="0" timestamp="2023-09-20T12:42:02 IST" skipped="0">
  <testcase classname="TestNG.SoftAssert" name="softAssertTest" time="11.877"/>
  <system-out/>
</testsuite> <!-- TestNG.SoftAssert -->
