<?xml version="1.0" encoding="UTF-8"?>
<!-- Generated by org.testng.reporters.JUnitReportReporter -->
<testsuite hostname="LAPTOP-D1JRC1ED" failures="0" tests="2" name="TestNG.Sample1Test" time="13.239" errors="0" timestamp="2023-09-27T09:36:19 IST" skipped="0">
  <testcase classname="TestNG.Sample1Test" name="Sample1Test" time="7.176"/>
  <system-out/>
  <testcase classname="TestNG.Sample1Test" name="Sample1Test" time="6.063"/>
  <system-out/>
</testsuite> <!-- TestNG.Sample1Test -->
