<?xml version="1.0" encoding="UTF-8"?>
<!-- Generated by org.testng.reporters.JUnitReportReporter -->
<testsuite hostname="LAPTOP-D1JRC1ED" failures="0" tests="2" name="TestNG.PracticeTest" time="0.015" errors="0" timestamp="2023-09-19T10:05:44 IST" skipped="0">
  <testcase classname="TestNG.PracticeTest" name="removeTest" time="0.013"/>
  <system-out/>
  <testcase classname="TestNG.PracticeTest" name="editTest" time="0.002"/>
  <system-out/>
</testsuite> <!-- TestNG.PracticeTest -->
