<?xml version="1.0" encoding="UTF-8"?>
<!-- Generated by org.testng.reporters.JUnitReportReporter -->
<testsuite hostname="LAPTOP-D1JRC1ED" failures="0" tests="3" name="TestNG.DpTest" time="0.015" errors="0" timestamp="2023-09-15T15:29:36 IST" skipped="0">
  <testcase classname="TestNG.DpTest" name="getData" time="0.002"/>
  <system-out/>
  <testcase classname="TestNG.DpTest" name="getData" time="0.011"/>
  <system-out/>
  <testcase classname="TestNG.DpTest" name="getData" time="0.002"/>
  <system-out/>
</testsuite> <!-- TestNG.DpTest -->
