<?xml version="1.0" encoding="UTF-8"?>
<!-- Generated by org.testng.reporters.JUnitReportReporter -->
<testsuite hostname="LAPTOP-D1JRC1ED" failures="0" tests="2" name="TestNG.Demo1Test" time="12.697" errors="0" timestamp="2023-09-27T09:36:19 IST" skipped="0">
  <testcase classname="TestNG.Demo1Test" name="Demo1Test" time="6.213"/>
  <system-out/>
  <testcase classname="TestNG.Demo1Test" name="Demo1Test" time="6.484"/>
  <system-out/>
</testsuite> <!-- TestNG.Demo1Test -->
