<?xml version="1.0" encoding="UTF-8"?>
<!-- Generated by org.testng.reporters.JUnitReportReporter -->
<testsuite hostname="LAPTOP-D1JRC1ED" failures="0" tests="2" name="TestNG.TestClass2" time="0.042" errors="0" timestamp="2023-09-19T10:05:14 IST" skipped="0">
  <testcase classname="TestNG.TestClass2" name="test4" time="0.035"/>
  <system-out/>
  <testcase classname="TestNG.TestClass2" name="test2" time="0.007"/>
  <system-out/>
</testsuite> <!-- TestNG.TestClass2 -->
